<?xml version="1.0" encoding="UTF-8"?>
<testsuite xmlns:xsi="http://www.w3.org/2001/XMLSchema-instance" xsi:noNamespaceSchemaLocation="https://maven.apache.org/surefire/maven-surefire-plugin/xsd/surefire-test-report-3.0.xsd" version="3.0" name="edu.school21.numbers.NumberWorkerTest" time="0.089" tests="14" errors="0" skipped="0" failures="0">
  <properties>
[...]
</properties>
  <testcase name="isPrimeForNotPrimes(int)[1]" classname="edu.school21.numbers.NumberWorkerTest" time="0.013"/>
  <testcase name="isPrimeForNotPrimes(int)[2]" classname="edu.school21.numbers.NumberWorkerTest" time="0.001"/>
  <testcase name="isPrimeForNotPrimes(int)[3]" classname="edu.school21.numbers.NumberWorkerTest" time="0.001"/>
  <testcase name="isPrimeForNotPrimes(int)[4]" classname="edu.school21.numbers.NumberWorkerTest" time="0.001"/>
  <testcase name="digitsSumForFailNumbers(int, int)[1]" classname="edu.school21.numbers.NumberWorkerTest" time="0.003"/>
  <testcase name="digitsSumForFailNumbers(int, int)[2]" classname="edu.school21.numbers.NumberWorkerTest" time="0.002"/>
  <testcase name="isPrimeForPrimes(int)[1]" classname="edu.school21.numbers.NumberWorkerTest" time="0.002"/>
  <testcase name="isPrimeForPrimes(int)[2]" classname="edu.school21.numbers.NumberWorkerTest" time="0.001"/>
  <testcase name="isPrimeForPrimes(int)[3]" classname="edu.school21.numbers.NumberWorkerTest" time="0.001"/>
  <testcase name="isPrimeForPrimes(int)[4]" classname="edu.school21.numbers.NumberWorkerTest" time="0.001"/>
  <testcase name="isPrimeForPrimes(int)[5]" classname="edu.school21.numbers.NumberWorkerTest" time="0.001"/>
  <testcase name="isPrimeForIncorrectNumbers(int)[1]" classname="edu.school21.numbers.NumberWorkerTest" time="0.001"/>
  <testcase name="isPrimeForIncorrectNumbers(int)[2]" classname="edu.school21.numbers.NumberWorkerTest" time="0.001"/>
  <testcase name="isPrimeForIncorrectNumbers(int)[3]" classname="edu.school21.numbers.NumberWorkerTest" time="0.001"/>
</testsuite>